C:\USERS\MARTIJN\DOCUMENTS\GITHUB\DRAWSOMETHING\DEBUG\DRAWSOMETHING.PCH
C:\USERS\MARTIJN\DOCUMENTS\GITHUB\DRAWSOMETHING\DEBUG\STDAFX.OBJ
C:\USERS\MARTIJN\DOCUMENTS\GITHUB\DRAWSOMETHING\DEBUG\VC110.PDB
C:\USERS\MARTIJN\DOCUMENTS\GITHUB\DRAWSOMETHING\DEBUG\CHILDVIEW.OBJ
C:\USERS\MARTIJN\DOCUMENTS\GITHUB\DRAWSOMETHING\DEBUG\DRAWSOMETHING.OBJ
C:\USERS\MARTIJN\DOCUMENTS\GITHUB\DRAWSOMETHING\DEBUG\SELLIPSE.OBJ
C:\USERS\MARTIJN\DOCUMENTS\GITHUB\DRAWSOMETHING\DEBUG\MAINFRM.OBJ
C:\USERS\MARTIJN\DOCUMENTS\GITHUB\DRAWSOMETHING\DEBUG\SCIRCLE.OBJ
C:\USERS\MARTIJN\DOCUMENTS\GITHUB\DRAWSOMETHING\DEBUG\SHAPE.OBJ
C:\USERS\MARTIJN\DOCUMENTS\GITHUB\DRAWSOMETHING\DEBUG\SRECTANGLE.OBJ
C:\USERS\MARTIJN\DOCUMENTS\GITHUB\DRAWSOMETHING\DEBUG\SSQUARE.OBJ
C:\Users\Martijn\Documents\GitHub\DrawSomething\Debug\ChildView.obj
C:\Users\Martijn\Documents\GitHub\DrawSomething\Debug\DrawSomething.obj
C:\Users\Martijn\Documents\GitHub\DrawSomething\Debug\MainFrm.obj
C:\Users\Martijn\Documents\GitHub\DrawSomething\Debug\sCircle.obj
C:\Users\Martijn\Documents\GitHub\DrawSomething\Debug\sEllipse.obj
C:\Users\Martijn\Documents\GitHub\DrawSomething\Debug\Shape.obj
C:\Users\Martijn\Documents\GitHub\DrawSomething\Debug\sRectangle.obj
C:\Users\Martijn\Documents\GitHub\DrawSomething\Debug\sSquare.obj
C:\Users\Martijn\Documents\GitHub\DrawSomething\Debug\stdafx.obj
C:\Users\Martijn\Documents\GitHub\DrawSomething\Debug\cl.command.1.tlog
C:\Users\Martijn\Documents\GitHub\DrawSomething\Debug\CL.read.1.tlog
C:\Users\Martijn\Documents\GitHub\DrawSomething\Debug\CL.write.1.tlog
C:\Users\Martijn\Documents\GitHub\DrawSomething\Debug\DrawSomething.pch
C:\Users\Martijn\Documents\GitHub\DrawSomething\Debug\vc110.idb
C:\Users\Martijn\Documents\GitHub\DrawSomething\Debug\vc110.pdb
