Build started 22-6-2014 19:59:41.
     1>Project "C:\Users\Martijn\Documents\GitHub\DrawSomething\DrawSomething.vcxproj" on node 2 (Build target(s)).
     1>ClCompile:
         C:\Program Files (x86)\Microsoft Visual Studio 11.0\VC\bin\CL.exe /c /ZI /nologo /W3 /WX- /sdl /Od /Oy- /D WIN32 /D _WINDOWS /D _DEBUG /D _UNICODE /D UNICODE /D _AFXDLL /Gm /EHsc /RTC1 /MDd /GS /fp:precise /Zc:wchar_t /Zc:forScope /Yu"stdafx.h" /Fp"Debug\DrawSomething.pch" /Fo"Debug\\" /Fd"Debug\vc110.pdb" /Gd /TP /analyze- /errorReport:prompt Controller.cpp
         Controller.cpp
       Link:
         C:\Program Files (x86)\Microsoft Visual Studio 11.0\VC\bin\link.exe /ERRORREPORT:PROMPT /OUT:"C:\Users\Martijn\Documents\GitHub\DrawSomething\Debug\DrawSomething.exe" /INCREMENTAL /NOLOGO /MANIFEST /MANIFESTUAC:"level='asInvoker' uiAccess='false'" /manifest:embed /manifestinput:"C:\Program Files (x86)\Microsoft Visual Studio 11.0\VC\Include\Manifest\dpiaware.manifest" /DEBUG /PDB:"C:\Users\Martijn\Documents\GitHub\DrawSomething\Debug\DrawSomething.pdb" /SUBSYSTEM:WINDOWS /TLBID:1 /ENTRY:"wWinMainCRTStartup" /DYNAMICBASE /NXCOMPAT /IMPLIB:"C:\Users\Martijn\Documents\GitHub\DrawSomething\Debug\DrawSomething.lib" /MACHINE:X86 Debug\DrawSomething.res
         Debug\ChildView.obj
         Debug\Controller.obj
         Debug\DrawSomething.obj
         Debug\sEllipse.obj
         Debug\MainFrm.obj
         Debug\sCircle.obj
         Debug\Shape.obj
         Debug\sRectangle.obj
         Debug\sSquare.obj
         Debug\stdafx.obj
         DrawSomething.vcxproj -> C:\Users\Martijn\Documents\GitHub\DrawSomething\Debug\DrawSomething.exe
     1>Done Building Project "C:\Users\Martijn\Documents\GitHub\DrawSomething\DrawSomething.vcxproj" (Build target(s)).

Build succeeded.

Time Elapsed 00:00:02.46
